<?xml version="1.0" encoding="UTF-8"?>
<testsuite xmlns:xsi="http://www.w3.org/2001/XMLSchema-instance" xsi:noNamespaceSchemaLocation="https://maven.apache.org/surefire/maven-surefire-plugin/xsd/surefire-test-report.xsd" name="io.github.microsphere.spring.test.jdbc.embedded.EnableEmbeddedDatabaseTest" time="0.265" tests="1" errors="0" skipped="0" failures="0">
  <properties>
    <property name="gopherProxySet" value="false"/>
    <property name="awt.toolkit" value="sun.lwawt.macosx.LWCToolkit"/>
    <property name="socksProxyHost" value="127.0.0.1"/>
    <property name="http.proxyHost" value="127.0.0.1"/>
    <property name="java.specification.version" value="1.8"/>
    <property name="file.encoding.pkg" value="sun.io"/>
    <property name="sun.cpu.isalist" value=""/>
    <property name="sun.jnu.encoding" value="UTF-8"/>
    <property name="java.class.path" value="/Users/mercyblitz/Tech/workspace/github/microsphere-projects/microsphere-spring/microsphere-spring-test/target/test-classes:/Users/mercyblitz/Tech/workspace/github/microsphere-projects/microsphere-spring/microsphere-spring-test/target/classes:/Users/mercyblitz/.m2/repository/org/springframework/spring-context/5.3.24/spring-context-5.3.24.jar:/Users/mercyblitz/.m2/repository/org/springframework/spring-aop/5.3.24/spring-aop-5.3.24.jar:/Users/mercyblitz/.m2/repository/org/springframework/spring-beans/5.3.24/spring-beans-5.3.24.jar:/Users/mercyblitz/.m2/repository/org/springframework/spring-core/5.3.24/spring-core-5.3.24.jar:/Users/mercyblitz/.m2/repository/org/springframework/spring-jcl/5.3.24/spring-jcl-5.3.24.jar:/Users/mercyblitz/.m2/repository/org/springframework/spring-expression/5.3.24/spring-expression-5.3.24.jar:/Users/mercyblitz/.m2/repository/org/springframework/spring-jdbc/5.3.24/spring-jdbc-5.3.24.jar:/Users/mercyblitz/.m2/repository/org/springframework/spring-tx/5.3.24/spring-tx-5.3.24.jar:/Users/mercyblitz/.m2/repository/org/springframework/data/spring-data-redis/2.7.6/spring-data-redis-2.7.6.jar:/Users/mercyblitz/.m2/repository/org/springframework/data/spring-data-keyvalue/2.7.6/spring-data-keyvalue-2.7.6.jar:/Users/mercyblitz/.m2/repository/org/springframework/data/spring-data-commons/2.7.6/spring-data-commons-2.7.6.jar:/Users/mercyblitz/.m2/repository/org/springframework/spring-oxm/5.3.24/spring-oxm-5.3.24.jar:/Users/mercyblitz/.m2/repository/org/springframework/spring-context-support/5.3.24/spring-context-support-5.3.24.jar:/Users/mercyblitz/.m2/repository/io/lettuce/lettuce-core/6.1.10.RELEASE/lettuce-core-6.1.10.RELEASE.jar:/Users/mercyblitz/.m2/repository/io/netty/netty-common/4.1.86.Final/netty-common-4.1.86.Final.jar:/Users/mercyblitz/.m2/repository/io/netty/netty-handler/4.1.86.Final/netty-handler-4.1.86.Final.jar:/Users/mercyblitz/.m2/repository/io/netty/netty-resolver/4.1.86.Final/netty-resolver-4.1.86.Final.jar:/Users/mercyblitz/.m2/repository/io/netty/netty-buffer/4.1.86.Final/netty-buffer-4.1.86.Final.jar:/Users/mercyblitz/.m2/repository/io/netty/netty-transport-native-unix-common/4.1.86.Final/netty-transport-native-unix-common-4.1.86.Final.jar:/Users/mercyblitz/.m2/repository/io/netty/netty-codec/4.1.86.Final/netty-codec-4.1.86.Final.jar:/Users/mercyblitz/.m2/repository/io/netty/netty-transport/4.1.86.Final/netty-transport-4.1.86.Final.jar:/Users/mercyblitz/.m2/repository/io/projectreactor/reactor-core/3.4.26/reactor-core-3.4.26.jar:/Users/mercyblitz/.m2/repository/org/reactivestreams/reactive-streams/1.0.4/reactive-streams-1.0.4.jar:/Users/mercyblitz/.m2/repository/com/github/kstyrc/embedded-redis/0.6/embedded-redis-0.6.jar:/Users/mercyblitz/.m2/repository/com/google/guava/guava/18.0/guava-18.0.jar:/Users/mercyblitz/.m2/repository/commons-io/commons-io/2.4/commons-io-2.4.jar:/Users/mercyblitz/.m2/repository/org/springframework/kafka/spring-kafka/2.8.11/spring-kafka-2.8.11.jar:/Users/mercyblitz/.m2/repository/org/springframework/spring-messaging/5.3.24/spring-messaging-5.3.24.jar:/Users/mercyblitz/.m2/repository/org/springframework/retry/spring-retry/1.3.4/spring-retry-1.3.4.jar:/Users/mercyblitz/.m2/repository/org/apache/kafka/kafka-clients/3.1.2/kafka-clients-3.1.2.jar:/Users/mercyblitz/.m2/repository/com/github/luben/zstd-jni/1.5.0-4/zstd-jni-1.5.0-4.jar:/Users/mercyblitz/.m2/repository/org/lz4/lz4-java/1.8.0/lz4-java-1.8.0.jar:/Users/mercyblitz/.m2/repository/org/xerial/snappy/snappy-java/1.1.8.4/snappy-java-1.1.8.4.jar:/Users/mercyblitz/.m2/repository/com/google/code/findbugs/jsr305/3.0.1/jsr305-3.0.1.jar:/Users/mercyblitz/.m2/repository/org/springframework/kafka/spring-kafka-test/2.8.11/spring-kafka-test-2.8.11.jar:/Users/mercyblitz/.m2/repository/org/apache/zookeeper/zookeeper/3.6.3/zookeeper-3.6.3.jar:/Users/mercyblitz/.m2/repository/org/apache/zookeeper/zookeeper-jute/3.6.3/zookeeper-jute-3.6.3.jar:/Users/mercyblitz/.m2/repository/org/apache/yetus/audience-annotations/0.5.0/audience-annotations-0.5.0.jar:/Users/mercyblitz/.m2/repository/io/netty/netty-transport-native-epoll/4.1.86.Final/netty-transport-native-epoll-4.1.86.Final.jar:/Users/mercyblitz/.m2/repository/io/netty/netty-transport-classes-epoll/4.1.86.Final/netty-transport-classes-epoll-4.1.86.Final.jar:/Users/mercyblitz/.m2/repository/org/apache/kafka/kafka-clients/3.1.2/kafka-clients-3.1.2-test.jar:/Users/mercyblitz/.m2/repository/org/apache/kafka/kafka-metadata/3.1.2/kafka-metadata-3.1.2.jar:/Users/mercyblitz/.m2/repository/org/apache/kafka/kafka-server-common/3.1.2/kafka-server-common-3.1.2.jar:/Users/mercyblitz/.m2/repository/org/apache/kafka/kafka-raft/3.1.2/kafka-raft-3.1.2.jar:/Users/mercyblitz/.m2/repository/com/fasterxml/jackson/core/jackson-databind/2.13.4.2/jackson-databind-2.13.4.2.jar:/Users/mercyblitz/.m2/repository/com/fasterxml/jackson/core/jackson-annotations/2.13.4/jackson-annotations-2.13.4.jar:/Users/mercyblitz/.m2/repository/com/fasterxml/jackson/core/jackson-core/2.13.4/jackson-core-2.13.4.jar:/Users/mercyblitz/.m2/repository/com/fasterxml/jackson/datatype/jackson-datatype-jdk8/2.13.4/jackson-datatype-jdk8-2.13.4.jar:/Users/mercyblitz/.m2/repository/com/yammer/metrics/metrics-core/2.2.0/metrics-core-2.2.0.jar:/Users/mercyblitz/.m2/repository/org/apache/kafka/kafka-streams-test-utils/3.1.2/kafka-streams-test-utils-3.1.2.jar:/Users/mercyblitz/.m2/repository/org/apache/kafka/kafka-streams/3.1.2/kafka-streams-3.1.2.jar:/Users/mercyblitz/.m2/repository/org/rocksdb/rocksdbjni/6.22.1.1/rocksdbjni-6.22.1.1.jar:/Users/mercyblitz/.m2/repository/org/apache/kafka/kafka_2.13/3.1.2/kafka_2.13-3.1.2.jar:/Users/mercyblitz/.m2/repository/org/scala-lang/scala-library/2.13.6/scala-library-2.13.6.jar:/Users/mercyblitz/.m2/repository/org/apache/kafka/kafka-storage/3.1.2/kafka-storage-3.1.2.jar:/Users/mercyblitz/.m2/repository/org/apache/kafka/kafka-storage-api/3.1.2/kafka-storage-api-3.1.2.jar:/Users/mercyblitz/.m2/repository/net/sourceforge/argparse4j/argparse4j/0.7.0/argparse4j-0.7.0.jar:/Users/mercyblitz/.m2/repository/com/fasterxml/jackson/module/jackson-module-scala_2.13/2.13.4/jackson-module-scala_2.13-2.13.4.jar:/Users/mercyblitz/.m2/repository/com/thoughtworks/paranamer/paranamer/2.8/paranamer-2.8.jar:/Users/mercyblitz/.m2/repository/com/fasterxml/jackson/dataformat/jackson-dataformat-csv/2.13.4/jackson-dataformat-csv-2.13.4.jar:/Users/mercyblitz/.m2/repository/net/sf/jopt-simple/jopt-simple/5.0.4/jopt-simple-5.0.4.jar:/Users/mercyblitz/.m2/repository/org/bitbucket/b_c/jose4j/0.7.8/jose4j-0.7.8.jar:/Users/mercyblitz/.m2/repository/org/scala-lang/modules/scala-collection-compat_2.13/2.4.4/scala-collection-compat_2.13-2.4.4.jar:/Users/mercyblitz/.m2/repository/org/scala-lang/modules/scala-java8-compat_2.13/1.0.0/scala-java8-compat_2.13-1.0.0.jar:/Users/mercyblitz/.m2/repository/org/scala-lang/scala-reflect/2.13.6/scala-reflect-2.13.6.jar:/Users/mercyblitz/.m2/repository/com/typesafe/scala-logging/scala-logging_2.13/3.9.3/scala-logging_2.13-3.9.3.jar:/Users/mercyblitz/.m2/repository/io/dropwizard/metrics/metrics-core/4.2.14/metrics-core-4.2.14.jar:/Users/mercyblitz/.m2/repository/commons-cli/commons-cli/1.4/commons-cli-1.4.jar:/Users/mercyblitz/.m2/repository/org/apache/kafka/kafka_2.13/3.1.2/kafka_2.13-3.1.2-test.jar:/Users/mercyblitz/.m2/repository/org/junit/jupiter/junit-jupiter-api/5.8.2/junit-jupiter-api-5.8.2.jar:/Users/mercyblitz/.m2/repository/org/opentest4j/opentest4j/1.2.0/opentest4j-1.2.0.jar:/Users/mercyblitz/.m2/repository/org/junit/platform/junit-platform-commons/1.8.2/junit-platform-commons-1.8.2.jar:/Users/mercyblitz/.m2/repository/org/apiguardian/apiguardian-api/1.1.2/apiguardian-api-1.1.2.jar:/Users/mercyblitz/.m2/repository/org/springframework/spring-test/5.3.24/spring-test-5.3.24.jar:/Users/mercyblitz/.m2/repository/junit/junit/4.13.2/junit-4.13.2.jar:/Users/mercyblitz/.m2/repository/org/hamcrest/hamcrest-core/2.2/hamcrest-core-2.2.jar:/Users/mercyblitz/.m2/repository/org/hamcrest/hamcrest/2.2/hamcrest-2.2.jar:/Users/mercyblitz/.m2/repository/org/xmlunit/xmlunit-assertj/2.9.0/xmlunit-assertj-2.9.0.jar:/Users/mercyblitz/.m2/repository/org/xmlunit/xmlunit-core/2.9.0/xmlunit-core-2.9.0.jar:/Users/mercyblitz/.m2/repository/org/assertj/assertj-core/3.22.0/assertj-core-3.22.0.jar:/Users/mercyblitz/.m2/repository/net/bytebuddy/byte-buddy/1.12.20/byte-buddy-1.12.20.jar:/Users/mercyblitz/.m2/repository/org/xerial/sqlite-jdbc/3.36.0.3/sqlite-jdbc-3.36.0.3.jar:/Users/mercyblitz/.m2/repository/org/slf4j/slf4j-api/1.7.36/slf4j-api-1.7.36.jar:/Users/mercyblitz/.m2/repository/ch/qos/logback/logback-classic/1.2.11/logback-classic-1.2.11.jar:/Users/mercyblitz/.m2/repository/ch/qos/logback/logback-core/1.2.11/logback-core-1.2.11.jar:"/>
    <property name="https.proxyPort" value="7890"/>
    <property name="java.vm.vendor" value="Oracle Corporation"/>
    <property name="sun.arch.data.model" value="64"/>
    <property name="java.vendor.url" value="http://java.oracle.com/"/>
    <property name="user.timezone" value=""/>
    <property name="java.vm.specification.version" value="1.8"/>
    <property name="os.name" value="Mac OS X"/>
    <property name="user.country" value="CN"/>
    <property name="sun.java.launcher" value="SUN_STANDARD"/>
    <property name="sun.boot.library.path" value="/Library/Java/JavaVirtualMachines/jdk1.8.0_271.jdk/Contents/Home/jre/lib"/>
    <property name="sun.java.command" value="/Users/mercyblitz/Tech/workspace/github/microsphere-projects/microsphere-spring/microsphere-spring-test/target/surefire/surefirebooter5307877766975332666.jar /Users/mercyblitz/Tech/workspace/github/microsphere-projects/microsphere-spring/microsphere-spring-test/target/surefire 2023-02-06T12-56-45_611-jvmRun1 surefire8303276099297339611tmp surefire_01491189874923715529tmp"/>
    <property name="http.nonProxyHosts" value="192.168.0.0/16|*.192.168.0.0/16|10.0.0.0/8|*.10.0.0.0/8|172.16.0.0/12|*.172.16.0.0/12|127.0.0.1|localhost|*.localhost|local|*.local|timestamp.apple.com|*.timestamp.apple.com"/>
    <property name="surefire.test.class.path" value="/Users/mercyblitz/Tech/workspace/github/microsphere-projects/microsphere-spring/microsphere-spring-test/target/test-classes:/Users/mercyblitz/Tech/workspace/github/microsphere-projects/microsphere-spring/microsphere-spring-test/target/classes:/Users/mercyblitz/.m2/repository/org/springframework/spring-context/5.3.24/spring-context-5.3.24.jar:/Users/mercyblitz/.m2/repository/org/springframework/spring-aop/5.3.24/spring-aop-5.3.24.jar:/Users/mercyblitz/.m2/repository/org/springframework/spring-beans/5.3.24/spring-beans-5.3.24.jar:/Users/mercyblitz/.m2/repository/org/springframework/spring-core/5.3.24/spring-core-5.3.24.jar:/Users/mercyblitz/.m2/repository/org/springframework/spring-jcl/5.3.24/spring-jcl-5.3.24.jar:/Users/mercyblitz/.m2/repository/org/springframework/spring-expression/5.3.24/spring-expression-5.3.24.jar:/Users/mercyblitz/.m2/repository/org/springframework/spring-jdbc/5.3.24/spring-jdbc-5.3.24.jar:/Users/mercyblitz/.m2/repository/org/springframework/spring-tx/5.3.24/spring-tx-5.3.24.jar:/Users/mercyblitz/.m2/repository/org/springframework/data/spring-data-redis/2.7.6/spring-data-redis-2.7.6.jar:/Users/mercyblitz/.m2/repository/org/springframework/data/spring-data-keyvalue/2.7.6/spring-data-keyvalue-2.7.6.jar:/Users/mercyblitz/.m2/repository/org/springframework/data/spring-data-commons/2.7.6/spring-data-commons-2.7.6.jar:/Users/mercyblitz/.m2/repository/org/springframework/spring-oxm/5.3.24/spring-oxm-5.3.24.jar:/Users/mercyblitz/.m2/repository/org/springframework/spring-context-support/5.3.24/spring-context-support-5.3.24.jar:/Users/mercyblitz/.m2/repository/io/lettuce/lettuce-core/6.1.10.RELEASE/lettuce-core-6.1.10.RELEASE.jar:/Users/mercyblitz/.m2/repository/io/netty/netty-common/4.1.86.Final/netty-common-4.1.86.Final.jar:/Users/mercyblitz/.m2/repository/io/netty/netty-handler/4.1.86.Final/netty-handler-4.1.86.Final.jar:/Users/mercyblitz/.m2/repository/io/netty/netty-resolver/4.1.86.Final/netty-resolver-4.1.86.Final.jar:/Users/mercyblitz/.m2/repository/io/netty/netty-buffer/4.1.86.Final/netty-buffer-4.1.86.Final.jar:/Users/mercyblitz/.m2/repository/io/netty/netty-transport-native-unix-common/4.1.86.Final/netty-transport-native-unix-common-4.1.86.Final.jar:/Users/mercyblitz/.m2/repository/io/netty/netty-codec/4.1.86.Final/netty-codec-4.1.86.Final.jar:/Users/mercyblitz/.m2/repository/io/netty/netty-transport/4.1.86.Final/netty-transport-4.1.86.Final.jar:/Users/mercyblitz/.m2/repository/io/projectreactor/reactor-core/3.4.26/reactor-core-3.4.26.jar:/Users/mercyblitz/.m2/repository/org/reactivestreams/reactive-streams/1.0.4/reactive-streams-1.0.4.jar:/Users/mercyblitz/.m2/repository/com/github/kstyrc/embedded-redis/0.6/embedded-redis-0.6.jar:/Users/mercyblitz/.m2/repository/com/google/guava/guava/18.0/guava-18.0.jar:/Users/mercyblitz/.m2/repository/commons-io/commons-io/2.4/commons-io-2.4.jar:/Users/mercyblitz/.m2/repository/org/springframework/kafka/spring-kafka/2.8.11/spring-kafka-2.8.11.jar:/Users/mercyblitz/.m2/repository/org/springframework/spring-messaging/5.3.24/spring-messaging-5.3.24.jar:/Users/mercyblitz/.m2/repository/org/springframework/retry/spring-retry/1.3.4/spring-retry-1.3.4.jar:/Users/mercyblitz/.m2/repository/org/apache/kafka/kafka-clients/3.1.2/kafka-clients-3.1.2.jar:/Users/mercyblitz/.m2/repository/com/github/luben/zstd-jni/1.5.0-4/zstd-jni-1.5.0-4.jar:/Users/mercyblitz/.m2/repository/org/lz4/lz4-java/1.8.0/lz4-java-1.8.0.jar:/Users/mercyblitz/.m2/repository/org/xerial/snappy/snappy-java/1.1.8.4/snappy-java-1.1.8.4.jar:/Users/mercyblitz/.m2/repository/com/google/code/findbugs/jsr305/3.0.1/jsr305-3.0.1.jar:/Users/mercyblitz/.m2/repository/org/springframework/kafka/spring-kafka-test/2.8.11/spring-kafka-test-2.8.11.jar:/Users/mercyblitz/.m2/repository/org/apache/zookeeper/zookeeper/3.6.3/zookeeper-3.6.3.jar:/Users/mercyblitz/.m2/repository/org/apache/zookeeper/zookeeper-jute/3.6.3/zookeeper-jute-3.6.3.jar:/Users/mercyblitz/.m2/repository/org/apache/yetus/audience-annotations/0.5.0/audience-annotations-0.5.0.jar:/Users/mercyblitz/.m2/repository/io/netty/netty-transport-native-epoll/4.1.86.Final/netty-transport-native-epoll-4.1.86.Final.jar:/Users/mercyblitz/.m2/repository/io/netty/netty-transport-classes-epoll/4.1.86.Final/netty-transport-classes-epoll-4.1.86.Final.jar:/Users/mercyblitz/.m2/repository/org/apache/kafka/kafka-clients/3.1.2/kafka-clients-3.1.2-test.jar:/Users/mercyblitz/.m2/repository/org/apache/kafka/kafka-metadata/3.1.2/kafka-metadata-3.1.2.jar:/Users/mercyblitz/.m2/repository/org/apache/kafka/kafka-server-common/3.1.2/kafka-server-common-3.1.2.jar:/Users/mercyblitz/.m2/repository/org/apache/kafka/kafka-raft/3.1.2/kafka-raft-3.1.2.jar:/Users/mercyblitz/.m2/repository/com/fasterxml/jackson/core/jackson-databind/2.13.4.2/jackson-databind-2.13.4.2.jar:/Users/mercyblitz/.m2/repository/com/fasterxml/jackson/core/jackson-annotations/2.13.4/jackson-annotations-2.13.4.jar:/Users/mercyblitz/.m2/repository/com/fasterxml/jackson/core/jackson-core/2.13.4/jackson-core-2.13.4.jar:/Users/mercyblitz/.m2/repository/com/fasterxml/jackson/datatype/jackson-datatype-jdk8/2.13.4/jackson-datatype-jdk8-2.13.4.jar:/Users/mercyblitz/.m2/repository/com/yammer/metrics/metrics-core/2.2.0/metrics-core-2.2.0.jar:/Users/mercyblitz/.m2/repository/org/apache/kafka/kafka-streams-test-utils/3.1.2/kafka-streams-test-utils-3.1.2.jar:/Users/mercyblitz/.m2/repository/org/apache/kafka/kafka-streams/3.1.2/kafka-streams-3.1.2.jar:/Users/mercyblitz/.m2/repository/org/rocksdb/rocksdbjni/6.22.1.1/rocksdbjni-6.22.1.1.jar:/Users/mercyblitz/.m2/repository/org/apache/kafka/kafka_2.13/3.1.2/kafka_2.13-3.1.2.jar:/Users/mercyblitz/.m2/repository/org/scala-lang/scala-library/2.13.6/scala-library-2.13.6.jar:/Users/mercyblitz/.m2/repository/org/apache/kafka/kafka-storage/3.1.2/kafka-storage-3.1.2.jar:/Users/mercyblitz/.m2/repository/org/apache/kafka/kafka-storage-api/3.1.2/kafka-storage-api-3.1.2.jar:/Users/mercyblitz/.m2/repository/net/sourceforge/argparse4j/argparse4j/0.7.0/argparse4j-0.7.0.jar:/Users/mercyblitz/.m2/repository/com/fasterxml/jackson/module/jackson-module-scala_2.13/2.13.4/jackson-module-scala_2.13-2.13.4.jar:/Users/mercyblitz/.m2/repository/com/thoughtworks/paranamer/paranamer/2.8/paranamer-2.8.jar:/Users/mercyblitz/.m2/repository/com/fasterxml/jackson/dataformat/jackson-dataformat-csv/2.13.4/jackson-dataformat-csv-2.13.4.jar:/Users/mercyblitz/.m2/repository/net/sf/jopt-simple/jopt-simple/5.0.4/jopt-simple-5.0.4.jar:/Users/mercyblitz/.m2/repository/org/bitbucket/b_c/jose4j/0.7.8/jose4j-0.7.8.jar:/Users/mercyblitz/.m2/repository/org/scala-lang/modules/scala-collection-compat_2.13/2.4.4/scala-collection-compat_2.13-2.4.4.jar:/Users/mercyblitz/.m2/repository/org/scala-lang/modules/scala-java8-compat_2.13/1.0.0/scala-java8-compat_2.13-1.0.0.jar:/Users/mercyblitz/.m2/repository/org/scala-lang/scala-reflect/2.13.6/scala-reflect-2.13.6.jar:/Users/mercyblitz/.m2/repository/com/typesafe/scala-logging/scala-logging_2.13/3.9.3/scala-logging_2.13-3.9.3.jar:/Users/mercyblitz/.m2/repository/io/dropwizard/metrics/metrics-core/4.2.14/metrics-core-4.2.14.jar:/Users/mercyblitz/.m2/repository/commons-cli/commons-cli/1.4/commons-cli-1.4.jar:/Users/mercyblitz/.m2/repository/org/apache/kafka/kafka_2.13/3.1.2/kafka_2.13-3.1.2-test.jar:/Users/mercyblitz/.m2/repository/org/junit/jupiter/junit-jupiter-api/5.8.2/junit-jupiter-api-5.8.2.jar:/Users/mercyblitz/.m2/repository/org/opentest4j/opentest4j/1.2.0/opentest4j-1.2.0.jar:/Users/mercyblitz/.m2/repository/org/junit/platform/junit-platform-commons/1.8.2/junit-platform-commons-1.8.2.jar:/Users/mercyblitz/.m2/repository/org/apiguardian/apiguardian-api/1.1.2/apiguardian-api-1.1.2.jar:/Users/mercyblitz/.m2/repository/org/springframework/spring-test/5.3.24/spring-test-5.3.24.jar:/Users/mercyblitz/.m2/repository/junit/junit/4.13.2/junit-4.13.2.jar:/Users/mercyblitz/.m2/repository/org/hamcrest/hamcrest-core/2.2/hamcrest-core-2.2.jar:/Users/mercyblitz/.m2/repository/org/hamcrest/hamcrest/2.2/hamcrest-2.2.jar:/Users/mercyblitz/.m2/repository/org/xmlunit/xmlunit-assertj/2.9.0/xmlunit-assertj-2.9.0.jar:/Users/mercyblitz/.m2/repository/org/xmlunit/xmlunit-core/2.9.0/xmlunit-core-2.9.0.jar:/Users/mercyblitz/.m2/repository/org/assertj/assertj-core/3.22.0/assertj-core-3.22.0.jar:/Users/mercyblitz/.m2/repository/net/bytebuddy/byte-buddy/1.12.20/byte-buddy-1.12.20.jar:/Users/mercyblitz/.m2/repository/org/xerial/sqlite-jdbc/3.36.0.3/sqlite-jdbc-3.36.0.3.jar:/Users/mercyblitz/.m2/repository/org/slf4j/slf4j-api/1.7.36/slf4j-api-1.7.36.jar:/Users/mercyblitz/.m2/repository/ch/qos/logback/logback-classic/1.2.11/logback-classic-1.2.11.jar:/Users/mercyblitz/.m2/repository/ch/qos/logback/logback-core/1.2.11/logback-core-1.2.11.jar:"/>
    <property name="sun.cpu.endian" value="little"/>
    <property name="user.home" value="/Users/mercyblitz"/>
    <property name="user.language" value="zh"/>
    <property name="java.specification.vendor" value="Oracle Corporation"/>
    <property name="java.home" value="/Library/Java/JavaVirtualMachines/jdk1.8.0_271.jdk/Contents/Home/jre"/>
    <property name="basedir" value="/Users/mercyblitz/Tech/workspace/github/microsphere-projects/microsphere-spring/microsphere-spring-test"/>
    <property name="https.proxyHost" value="127.0.0.1"/>
    <property name="file.separator" value="/"/>
    <property name="line.separator" value="&#10;"/>
    <property name="java.vm.specification.vendor" value="Oracle Corporation"/>
    <property name="java.specification.name" value="Java Platform API Specification"/>
    <property name="java.awt.graphicsenv" value="sun.awt.CGraphicsEnvironment"/>
    <property name="surefire.real.class.path" value="/Users/mercyblitz/Tech/workspace/github/microsphere-projects/microsphere-spring/microsphere-spring-test/target/surefire/surefirebooter5307877766975332666.jar"/>
    <property name="sun.boot.class.path" value="/Library/Java/JavaVirtualMachines/jdk1.8.0_271.jdk/Contents/Home/jre/lib/resources.jar:/Library/Java/JavaVirtualMachines/jdk1.8.0_271.jdk/Contents/Home/jre/lib/rt.jar:/Library/Java/JavaVirtualMachines/jdk1.8.0_271.jdk/Contents/Home/jre/lib/sunrsasign.jar:/Library/Java/JavaVirtualMachines/jdk1.8.0_271.jdk/Contents/Home/jre/lib/jsse.jar:/Library/Java/JavaVirtualMachines/jdk1.8.0_271.jdk/Contents/Home/jre/lib/jce.jar:/Library/Java/JavaVirtualMachines/jdk1.8.0_271.jdk/Contents/Home/jre/lib/charsets.jar:/Library/Java/JavaVirtualMachines/jdk1.8.0_271.jdk/Contents/Home/jre/lib/jfr.jar:/Library/Java/JavaVirtualMachines/jdk1.8.0_271.jdk/Contents/Home/jre/classes"/>
    <property name="sun.management.compiler" value="HotSpot 64-Bit Tiered Compilers"/>
    <property name="ftp.nonProxyHosts" value="192.168.0.0/16|*.192.168.0.0/16|10.0.0.0/8|*.10.0.0.0/8|172.16.0.0/12|*.172.16.0.0/12|127.0.0.1|localhost|*.localhost|local|*.local|timestamp.apple.com|*.timestamp.apple.com"/>
    <property name="java.runtime.version" value="1.8.0_271-b09"/>
    <property name="user.name" value="mercyblitz"/>
    <property name="path.separator" value=":"/>
    <property name="os.version" value="10.16"/>
    <property name="java.endorsed.dirs" value="/Library/Java/JavaVirtualMachines/jdk1.8.0_271.jdk/Contents/Home/jre/lib/endorsed"/>
    <property name="java.runtime.name" value="Java(TM) SE Runtime Environment"/>
    <property name="file.encoding" value="UTF-8"/>
    <property name="java.vm.name" value="Java HotSpot(TM) 64-Bit Server VM"/>
    <property name="localRepository" value="/Users/mercyblitz/.m2/repository"/>
    <property name="java.vendor.url.bug" value="http://bugreport.sun.com/bugreport/"/>
    <property name="java.io.tmpdir" value="/var/folders/ps/gj7jlzwj4wx671q4s5d6jg6w0000gn/T/"/>
    <property name="java.version" value="1.8.0_271"/>
    <property name="user.dir" value="/Users/mercyblitz/Tech/workspace/github/microsphere-projects/microsphere-spring/microsphere-spring-test"/>
    <property name="os.arch" value="x86_64"/>
    <property name="socksProxyPort" value="7890"/>
    <property name="java.vm.specification.name" value="Java Virtual Machine Specification"/>
    <property name="java.awt.printerjob" value="sun.lwawt.macosx.CPrinterJob"/>
    <property name="sun.os.patch.level" value="unknown"/>
    <property name="java.library.path" value="/Users/mercyblitz/Library/Java/Extensions:/Library/Java/Extensions:/Network/Library/Java/Extensions:/System/Library/Java/Extensions:/usr/lib/java:."/>
    <property name="java.vm.info" value="mixed mode"/>
    <property name="java.vendor" value="Oracle Corporation"/>
    <property name="java.vm.version" value="25.271-b09"/>
    <property name="java.ext.dirs" value="/Users/mercyblitz/Library/Java/Extensions:/Library/Java/JavaVirtualMachines/jdk1.8.0_271.jdk/Contents/Home/jre/lib/ext:/Library/Java/Extensions:/Network/Library/Java/Extensions:/System/Library/Java/Extensions:/usr/lib/java"/>
    <property name="sun.io.unicode.encoding" value="UnicodeBig"/>
    <property name="java.class.version" value="52.0"/>
    <property name="socksNonProxyHosts" value="192.168.0.0/16|*.192.168.0.0/16|10.0.0.0/8|*.10.0.0.0/8|172.16.0.0/12|*.172.16.0.0/12|127.0.0.1|localhost|*.localhost|local|*.local|timestamp.apple.com|*.timestamp.apple.com"/>
    <property name="http.proxyPort" value="7890"/>
  </properties>
  <testcase name="test" classname="io.github.microsphere.spring.test.jdbc.embedded.EnableEmbeddedDatabaseTest" time="0.239"/>
</testsuite>